Determining if the pthread_create exist failed with the following output:
Change Dir: /mnt/d/net/cpp/net00/utils/CMakeFiles/CMakeTmp

Run Build Command:"/usr/bin/make" "cmTC_4063c/fast"
make: Warning: File 'Makefile' has modification time 1.4 s in the future
/usr/bin/make -f CMakeFiles/cmTC_4063c.dir/build.make CMakeFiles/cmTC_4063c.dir/build
make[1]: Entering directory '/mnt/d/net/cpp/net00/utils/CMakeFiles/CMakeTmp'
make[1]: Warning: File 'CMakeFiles/cmTC_4063c.dir/flags.make' has modification time 1.3 s in the future
Building C object CMakeFiles/cmTC_4063c.dir/CheckSymbolExists.c.o
/usr/bin/cc    -o CMakeFiles/cmTC_4063c.dir/CheckSymbolExists.c.o   -c /mnt/d/net/cpp/net00/utils/CMakeFiles/CMakeTmp/CheckSymbolExists.c
Linking C executable cmTC_4063c
/usr/bin/cmake -E cmake_link_script CMakeFiles/cmTC_4063c.dir/link.txt --verbose=1
/usr/bin/cc      -rdynamic CMakeFiles/cmTC_4063c.dir/CheckSymbolExists.c.o  -o cmTC_4063c 
CMakeFiles/cmTC_4063c.dir/CheckSymbolExists.c.o: In function `main':
CheckSymbolExists.c:(.text+0x1b): undefined reference to `pthread_create'
collect2: error: ld returned 1 exit status
CMakeFiles/cmTC_4063c.dir/build.make:97: recipe for target 'cmTC_4063c' failed
make[1]: *** [cmTC_4063c] Error 1
make[1]: Leaving directory '/mnt/d/net/cpp/net00/utils/CMakeFiles/CMakeTmp'
Makefile:126: recipe for target 'cmTC_4063c/fast' failed
make: *** [cmTC_4063c/fast] Error 2

File /mnt/d/net/cpp/net00/utils/CMakeFiles/CMakeTmp/CheckSymbolExists.c:
/* */
#include <pthread.h>

int main(int argc, char** argv)
{
  (void)argv;
#ifndef pthread_create
  return ((int*)(&pthread_create))[argc];
#else
  (void)argc;
  return 0;
#endif
}

Determining if the function pthread_create exists in the pthreads failed with the following output:
Change Dir: /mnt/d/net/cpp/net00/utils/CMakeFiles/CMakeTmp

Run Build Command:"/usr/bin/make" "cmTC_dec33/fast"
make: Warning: File 'Makefile' has modification time 1.4 s in the future
/usr/bin/make -f CMakeFiles/cmTC_dec33.dir/build.make CMakeFiles/cmTC_dec33.dir/build
make[1]: Entering directory '/mnt/d/net/cpp/net00/utils/CMakeFiles/CMakeTmp'
make[1]: Warning: File 'CMakeFiles/cmTC_dec33.dir/flags.make' has modification time 1.3 s in the future
Building C object CMakeFiles/cmTC_dec33.dir/CheckFunctionExists.c.o
/usr/bin/cc   -DCHECK_FUNCTION_EXISTS=pthread_create   -o CMakeFiles/cmTC_dec33.dir/CheckFunctionExists.c.o   -c /usr/share/cmake-3.10/Modules/CheckFunctionExists.c
Linking C executable cmTC_dec33
/usr/bin/cmake -E cmake_link_script CMakeFiles/cmTC_dec33.dir/link.txt --verbose=1
/usr/bin/cc  -DCHECK_FUNCTION_EXISTS=pthread_create    -rdynamic CMakeFiles/cmTC_dec33.dir/CheckFunctionExists.c.o  -o cmTC_dec33 -lpthreads 
/usr/bin/ld: cannot find -lpthreads
collect2: error: ld returned 1 exit status
CMakeFiles/cmTC_dec33.dir/build.make:97: recipe for target 'cmTC_dec33' failed
make[1]: *** [cmTC_dec33] Error 1
make[1]: Leaving directory '/mnt/d/net/cpp/net00/utils/CMakeFiles/CMakeTmp'
Makefile:126: recipe for target 'cmTC_dec33/fast' failed
make: *** [cmTC_dec33/fast] Error 2


Determining if the pthread_create exist failed with the following output:
Change Dir: /mnt/d/net/cpp/net00/utils/CMakeFiles/CMakeTmp

Run Build Command:"/usr/bin/make" "cmTC_87925/fast"
make: Warning: File 'Makefile' has modification time 1.4 s in the future
/usr/bin/make -f CMakeFiles/cmTC_87925.dir/build.make CMakeFiles/cmTC_87925.dir/build
make[1]: Entering directory '/mnt/d/net/cpp/net00/utils/CMakeFiles/CMakeTmp'
make[1]: Warning: File 'CMakeFiles/cmTC_87925.dir/flags.make' has modification time 1.3 s in the future
Building C object CMakeFiles/cmTC_87925.dir/CheckSymbolExists.c.o
/usr/bin/cc    -o CMakeFiles/cmTC_87925.dir/CheckSymbolExists.c.o   -c /mnt/d/net/cpp/net00/utils/CMakeFiles/CMakeTmp/CheckSymbolExists.c
Linking C executable cmTC_87925
/usr/bin/cmake -E cmake_link_script CMakeFiles/cmTC_87925.dir/link.txt --verbose=1
/usr/bin/cc      -rdynamic CMakeFiles/cmTC_87925.dir/CheckSymbolExists.c.o  -o cmTC_87925 
CMakeFiles/cmTC_87925.dir/CheckSymbolExists.c.o: In function `main':
CheckSymbolExists.c:(.text+0x1b): undefined reference to `pthread_create'
collect2: error: ld returned 1 exit status
CMakeFiles/cmTC_87925.dir/build.make:97: recipe for target 'cmTC_87925' failed
make[1]: *** [cmTC_87925] Error 1
make[1]: Leaving directory '/mnt/d/net/cpp/net00/utils/CMakeFiles/CMakeTmp'
Makefile:126: recipe for target 'cmTC_87925/fast' failed
make: *** [cmTC_87925/fast] Error 2

File /mnt/d/net/cpp/net00/utils/CMakeFiles/CMakeTmp/CheckSymbolExists.c:
/* */
#include <pthread.h>

int main(int argc, char** argv)
{
  (void)argv;
#ifndef pthread_create
  return ((int*)(&pthread_create))[argc];
#else
  (void)argc;
  return 0;
#endif
}

Determining if the function pthread_create exists in the pthreads failed with the following output:
Change Dir: /mnt/d/net/cpp/net00/utils/CMakeFiles/CMakeTmp

Run Build Command:"/usr/bin/make" "cmTC_241f4/fast"
make: Warning: File 'Makefile' has modification time 1.4 s in the future
/usr/bin/make -f CMakeFiles/cmTC_241f4.dir/build.make CMakeFiles/cmTC_241f4.dir/build
make[1]: Entering directory '/mnt/d/net/cpp/net00/utils/CMakeFiles/CMakeTmp'
make[1]: Warning: File 'CMakeFiles/cmTC_241f4.dir/flags.make' has modification time 1.3 s in the future
Building C object CMakeFiles/cmTC_241f4.dir/CheckFunctionExists.c.o
/usr/bin/cc   -DCHECK_FUNCTION_EXISTS=pthread_create   -o CMakeFiles/cmTC_241f4.dir/CheckFunctionExists.c.o   -c /usr/share/cmake-3.10/Modules/CheckFunctionExists.c
Linking C executable cmTC_241f4
/usr/bin/cmake -E cmake_link_script CMakeFiles/cmTC_241f4.dir/link.txt --verbose=1
/usr/bin/cc  -DCHECK_FUNCTION_EXISTS=pthread_create    -rdynamic CMakeFiles/cmTC_241f4.dir/CheckFunctionExists.c.o  -o cmTC_241f4 -lpthreads 
/usr/bin/ld: cannot find -lpthreads
collect2: error: ld returned 1 exit status
CMakeFiles/cmTC_241f4.dir/build.make:97: recipe for target 'cmTC_241f4' failed
make[1]: *** [cmTC_241f4] Error 1
make[1]: Leaving directory '/mnt/d/net/cpp/net00/utils/CMakeFiles/CMakeTmp'
Makefile:126: recipe for target 'cmTC_241f4/fast' failed
make: *** [cmTC_241f4/fast] Error 2


Determining if the pthread_create exist failed with the following output:
Change Dir: /mnt/d/net/cpp/net00/utils/CMakeFiles/CMakeTmp

Run Build Command:"/usr/bin/make" "cmTC_15997/fast"
make: Warning: File 'Makefile' has modification time 1.4 s in the future
/usr/bin/make -f CMakeFiles/cmTC_15997.dir/build.make CMakeFiles/cmTC_15997.dir/build
make[1]: Entering directory '/mnt/d/net/cpp/net00/utils/CMakeFiles/CMakeTmp'
make[1]: Warning: File 'CMakeFiles/cmTC_15997.dir/flags.make' has modification time 1.3 s in the future
Building C object CMakeFiles/cmTC_15997.dir/CheckSymbolExists.c.o
/usr/bin/cc    -o CMakeFiles/cmTC_15997.dir/CheckSymbolExists.c.o   -c /mnt/d/net/cpp/net00/utils/CMakeFiles/CMakeTmp/CheckSymbolExists.c
Linking C executable cmTC_15997
/usr/bin/cmake -E cmake_link_script CMakeFiles/cmTC_15997.dir/link.txt --verbose=1
/usr/bin/cc      -rdynamic CMakeFiles/cmTC_15997.dir/CheckSymbolExists.c.o  -o cmTC_15997 
CMakeFiles/cmTC_15997.dir/CheckSymbolExists.c.o: In function `main':
CheckSymbolExists.c:(.text+0x1b): undefined reference to `pthread_create'
collect2: error: ld returned 1 exit status
CMakeFiles/cmTC_15997.dir/build.make:97: recipe for target 'cmTC_15997' failed
make[1]: *** [cmTC_15997] Error 1
make[1]: Leaving directory '/mnt/d/net/cpp/net00/utils/CMakeFiles/CMakeTmp'
Makefile:126: recipe for target 'cmTC_15997/fast' failed
make: *** [cmTC_15997/fast] Error 2

File /mnt/d/net/cpp/net00/utils/CMakeFiles/CMakeTmp/CheckSymbolExists.c:
/* */
#include <pthread.h>

int main(int argc, char** argv)
{
  (void)argv;
#ifndef pthread_create
  return ((int*)(&pthread_create))[argc];
#else
  (void)argc;
  return 0;
#endif
}

Determining if the function pthread_create exists in the pthreads failed with the following output:
Change Dir: /mnt/d/net/cpp/net00/utils/CMakeFiles/CMakeTmp

Run Build Command:"/usr/bin/make" "cmTC_dda60/fast"
make: Warning: File 'Makefile' has modification time 1.4 s in the future
/usr/bin/make -f CMakeFiles/cmTC_dda60.dir/build.make CMakeFiles/cmTC_dda60.dir/build
make[1]: Entering directory '/mnt/d/net/cpp/net00/utils/CMakeFiles/CMakeTmp'
make[1]: Warning: File 'CMakeFiles/cmTC_dda60.dir/flags.make' has modification time 1.3 s in the future
Building C object CMakeFiles/cmTC_dda60.dir/CheckFunctionExists.c.o
/usr/bin/cc   -DCHECK_FUNCTION_EXISTS=pthread_create   -o CMakeFiles/cmTC_dda60.dir/CheckFunctionExists.c.o   -c /usr/share/cmake-3.10/Modules/CheckFunctionExists.c
Linking C executable cmTC_dda60
/usr/bin/cmake -E cmake_link_script CMakeFiles/cmTC_dda60.dir/link.txt --verbose=1
/usr/bin/cc  -DCHECK_FUNCTION_EXISTS=pthread_create    -rdynamic CMakeFiles/cmTC_dda60.dir/CheckFunctionExists.c.o  -o cmTC_dda60 -lpthreads 
/usr/bin/ld: cannot find -lpthreads
collect2: error: ld returned 1 exit status
CMakeFiles/cmTC_dda60.dir/build.make:97: recipe for target 'cmTC_dda60' failed
make[1]: *** [cmTC_dda60] Error 1
make[1]: Leaving directory '/mnt/d/net/cpp/net00/utils/CMakeFiles/CMakeTmp'
Makefile:126: recipe for target 'cmTC_dda60/fast' failed
make: *** [cmTC_dda60/fast] Error 2


Determining if the pthread_create exist failed with the following output:
Change Dir: /mnt/d/net/cpp/net00/utils/CMakeFiles/CMakeTmp

Run Build Command:"/usr/bin/make" "cmTC_60eea/fast"
make: Warning: File 'Makefile' has modification time 1.4 s in the future
/usr/bin/make -f CMakeFiles/cmTC_60eea.dir/build.make CMakeFiles/cmTC_60eea.dir/build
make[1]: Entering directory '/mnt/d/net/cpp/net00/utils/CMakeFiles/CMakeTmp'
make[1]: Warning: File 'CMakeFiles/cmTC_60eea.dir/flags.make' has modification time 1.4 s in the future
Building C object CMakeFiles/cmTC_60eea.dir/CheckSymbolExists.c.o
/usr/bin/cc    -o CMakeFiles/cmTC_60eea.dir/CheckSymbolExists.c.o   -c /mnt/d/net/cpp/net00/utils/CMakeFiles/CMakeTmp/CheckSymbolExists.c
Linking C executable cmTC_60eea
/usr/bin/cmake -E cmake_link_script CMakeFiles/cmTC_60eea.dir/link.txt --verbose=1
/usr/bin/cc      -rdynamic CMakeFiles/cmTC_60eea.dir/CheckSymbolExists.c.o  -o cmTC_60eea 
CMakeFiles/cmTC_60eea.dir/CheckSymbolExists.c.o: In function `main':
CheckSymbolExists.c:(.text+0x1b): undefined reference to `pthread_create'
collect2: error: ld returned 1 exit status
CMakeFiles/cmTC_60eea.dir/build.make:97: recipe for target 'cmTC_60eea' failed
make[1]: *** [cmTC_60eea] Error 1
make[1]: Leaving directory '/mnt/d/net/cpp/net00/utils/CMakeFiles/CMakeTmp'
Makefile:126: recipe for target 'cmTC_60eea/fast' failed
make: *** [cmTC_60eea/fast] Error 2

File /mnt/d/net/cpp/net00/utils/CMakeFiles/CMakeTmp/CheckSymbolExists.c:
/* */
#include <pthread.h>

int main(int argc, char** argv)
{
  (void)argv;
#ifndef pthread_create
  return ((int*)(&pthread_create))[argc];
#else
  (void)argc;
  return 0;
#endif
}

Determining if the function pthread_create exists in the pthreads failed with the following output:
Change Dir: /mnt/d/net/cpp/net00/utils/CMakeFiles/CMakeTmp

Run Build Command:"/usr/bin/make" "cmTC_9c693/fast"
make: Warning: File 'Makefile' has modification time 1.4 s in the future
/usr/bin/make -f CMakeFiles/cmTC_9c693.dir/build.make CMakeFiles/cmTC_9c693.dir/build
make[1]: Entering directory '/mnt/d/net/cpp/net00/utils/CMakeFiles/CMakeTmp'
make[1]: Warning: File 'CMakeFiles/cmTC_9c693.dir/flags.make' has modification time 1.3 s in the future
Building C object CMakeFiles/cmTC_9c693.dir/CheckFunctionExists.c.o
/usr/bin/cc   -DCHECK_FUNCTION_EXISTS=pthread_create   -o CMakeFiles/cmTC_9c693.dir/CheckFunctionExists.c.o   -c /usr/share/cmake-3.10/Modules/CheckFunctionExists.c
Linking C executable cmTC_9c693
/usr/bin/cmake -E cmake_link_script CMakeFiles/cmTC_9c693.dir/link.txt --verbose=1
/usr/bin/cc  -DCHECK_FUNCTION_EXISTS=pthread_create    -rdynamic CMakeFiles/cmTC_9c693.dir/CheckFunctionExists.c.o  -o cmTC_9c693 -lpthreads 
/usr/bin/ld: cannot find -lpthreads
collect2: error: ld returned 1 exit status
CMakeFiles/cmTC_9c693.dir/build.make:97: recipe for target 'cmTC_9c693' failed
make[1]: *** [cmTC_9c693] Error 1
make[1]: Leaving directory '/mnt/d/net/cpp/net00/utils/CMakeFiles/CMakeTmp'
Makefile:126: recipe for target 'cmTC_9c693/fast' failed
make: *** [cmTC_9c693/fast] Error 2


